<?xml version="1.0" encoding="UTF-8"?>
<!-- Generated by org.testng.reporters.JUnitReportReporter -->
<testsuite ignored="0" hostname="MSI" failures="0" tests="1" name="Testing.NewTest" time="2.855" errors="0" timestamp="16 oct. 2021 15:54:10 GMT" skipped="0">
  <testcase classname="Testing.NewTest" name="f" time="2.855"/>
</testsuite> <!-- Testing.NewTest -->
